2025-02-22 13:34:13,106 - INFO - Error fetching data for BTC/USDT: object list can't be used in 'await' expression. Retrying...
2025-02-22 13:34:13,342 - INFO - Error fetching data for ETH/USDT: object list can't be used in 'await' expression. Retrying...
2025-02-22 13:34:13,577 - INFO - Error fetching data for BNB/USDT: object list can't be used in 'await' expression. Retrying...
2025-02-22 13:34:15,339 - INFO - Error fetching data for BTC/USDT: object list can't be used in 'await' expression. Retrying...
2025-02-22 13:34:15,571 - INFO - Error fetching data for ETH/USDT: object list can't be used in 'await' expression. Retrying...
2025-02-22 13:34:15,807 - INFO - Error fetching data for BNB/USDT: object list can't be used in 'await' expression. Retrying...
2025-02-22 13:34:17,573 - INFO - Error fetching data for BTC/USDT: object list can't be used in 'await' expression. Retrying...
2025-02-22 13:34:17,802 - INFO - Error fetching data for ETH/USDT: object list can't be used in 'await' expression. Retrying...
2025-02-22 13:34:18,042 - INFO - Error fetching data for BNB/USDT: object list can't be used in 'await' expression. Retrying...
2025-02-22 14:42:45,554 - ERROR - WebSocket connection error: name 'symbols' is not defined. Retrying in 5 seconds...
2025-02-22 14:43:18,049 - ERROR - WebSocket connection error: name 'symbols' is not defined. Retrying in 5 seconds...
2025-02-22 14:44:01,278 - ERROR - WebSocket connection error: name 'symbols' is not defined. Retrying in 5 seconds...
2025-02-22 14:47:47,215 - ERROR - WebSocket connection error: name 'symbols' is not defined. Retrying in 5 seconds...
2025-02-22 14:48:05,191 - ERROR - WebSocket connection error: name 'symbols' is not defined. Retrying in 5 seconds...
2025-02-23 06:58:26,740 - ERROR - Error fetching data for BTC/USDT: object list can't be used in 'await' expression. Retrying...
2025-02-23 06:58:28,972 - ERROR - Error fetching data for BTC/USDT: object list can't be used in 'await' expression. Retrying...
2025-02-23 06:58:31,202 - ERROR - Error fetching data for BTC/USDT: object list can't be used in 'await' expression. Retrying...
2025-02-23 06:58:33,435 - ERROR - Error fetching data for ETH/USDT: object list can't be used in 'await' expression. Retrying...
2025-02-23 06:58:35,668 - ERROR - Error fetching data for ETH/USDT: object list can't be used in 'await' expression. Retrying...
2025-02-23 06:58:37,900 - ERROR - Error fetching data for ETH/USDT: object list can't be used in 'await' expression. Retrying...
2025-02-23 06:58:40,133 - ERROR - Error fetching data for BNB/USDT: object list can't be used in 'await' expression. Retrying...
2025-02-23 06:58:42,361 - ERROR - Error fetching data for BNB/USDT: object list can't be used in 'await' expression. Retrying...
2025-02-23 06:58:44,589 - ERROR - Error fetching data for BNB/USDT: object list can't be used in 'await' expression. Retrying...
2025-02-23 06:58:46,590 - INFO - Top symbols for trading: []
