2025-03-22 10:58:35,878 - INFO - Loaded data for BTC/USDT: 1000 rows
2025-03-22 10:58:35,879 - INFO - Loaded data for BTC/USDT: 1000 rows
2025-03-22 10:58:36,137 - INFO - Loaded data for ETH/USDT: 1000 rows
2025-03-22 10:58:36,138 - INFO - Loaded data for ETH/USDT: 1000 rows
2025-03-22 10:58:36,395 - INFO - Loaded data for DOGE/USDT: 1000 rows
2025-03-22 10:58:36,395 - INFO - Loaded data for DOGE/USDT: 1000 rows
2025-03-22 10:58:36,652 - INFO - Loaded data for XRP/USDT: 1000 rows
2025-03-22 10:58:36,652 - INFO - Loaded data for XRP/USDT: 1000 rows
2025-03-22 10:58:36,909 - INFO - Loaded data for SOL/USDT: 1000 rows
2025-03-22 10:58:36,909 - INFO - Loaded data for SOL/USDT: 1000 rows
2025-03-22 10:58:37,168 - INFO - Loaded data for BNB/USDT: 1000 rows
2025-03-22 10:58:37,169 - INFO - Loaded data for BNB/USDT: 1000 rows
2025-03-22 10:58:37,857 - INFO - Loaded data for ADA/USDT: 1000 rows
2025-03-22 10:58:37,858 - INFO - Loaded data for ADA/USDT: 1000 rows
2025-03-22 10:58:38,109 - INFO - Loaded data for AVAX/USDT: 1000 rows
2025-03-22 10:58:38,110 - INFO - Loaded data for AVAX/USDT: 1000 rows
2025-03-22 10:58:38,705 - INFO - Starting backtest from 2025-03-08 to 2025-03-22...
2025-03-22 10:58:39,060 - INFO - Loaded data for BTC/USDT: 1000 rows
2025-03-22 10:58:39,317 - INFO - Loaded data for ETH/USDT: 1000 rows
2025-03-22 10:58:39,573 - INFO - Loaded data for DOGE/USDT: 1000 rows
2025-03-22 10:58:39,836 - INFO - Loaded data for XRP/USDT: 1000 rows
2025-03-22 10:58:40,095 - INFO - Loaded data for SOL/USDT: 1000 rows
2025-03-22 10:58:40,354 - INFO - Loaded data for BNB/USDT: 1000 rows
2025-03-22 10:58:40,619 - INFO - Loaded data for ADA/USDT: 1000 rows
2025-03-22 10:58:40,873 - INFO - Loaded data for AVAX/USDT: 1000 rows
2025-03-22 10:58:40,874 - INFO - Running backtest for BTC/USDT with starting balance 28.00
2025-03-22 10:59:44,210 - INFO - Loaded data for BTC/USDT: 1000 rows
2025-03-22 10:59:44,211 - INFO - Loaded data for BTC/USDT: 1000 rows
2025-03-22 10:59:44,472 - INFO - Loaded data for ETH/USDT: 1000 rows
2025-03-22 10:59:44,472 - INFO - Loaded data for ETH/USDT: 1000 rows
2025-03-22 10:59:44,727 - INFO - Loaded data for DOGE/USDT: 1000 rows
2025-03-22 10:59:44,728 - INFO - Loaded data for DOGE/USDT: 1000 rows
2025-03-22 10:59:44,986 - INFO - Loaded data for XRP/USDT: 1000 rows
2025-03-22 10:59:44,986 - INFO - Loaded data for XRP/USDT: 1000 rows
2025-03-22 10:59:45,242 - INFO - Loaded data for SOL/USDT: 1000 rows
2025-03-22 10:59:45,242 - INFO - Loaded data for SOL/USDT: 1000 rows
2025-03-22 10:59:45,501 - INFO - Loaded data for BNB/USDT: 1000 rows
2025-03-22 10:59:45,502 - INFO - Loaded data for BNB/USDT: 1000 rows
2025-03-22 10:59:45,757 - INFO - Loaded data for ADA/USDT: 1000 rows
2025-03-22 10:59:45,757 - INFO - Loaded data for ADA/USDT: 1000 rows
2025-03-22 10:59:46,016 - INFO - Loaded data for AVAX/USDT: 1000 rows
2025-03-22 10:59:46,016 - INFO - Loaded data for AVAX/USDT: 1000 rows
2025-03-22 10:59:46,677 - INFO - Starting backtest from 2025-03-08 to 2025-03-22...
2025-03-22 10:59:46,930 - INFO - Loaded data for BTC/USDT: 1000 rows
2025-03-22 10:59:47,188 - INFO - Loaded data for ETH/USDT: 1000 rows
2025-03-22 10:59:47,447 - INFO - Loaded data for DOGE/USDT: 1000 rows
2025-03-22 10:59:47,699 - INFO - Loaded data for XRP/USDT: 1000 rows
2025-03-22 10:59:47,957 - INFO - Loaded data for SOL/USDT: 1000 rows
2025-03-22 10:59:48,216 - INFO - Loaded data for BNB/USDT: 1000 rows
2025-03-22 10:59:48,475 - INFO - Loaded data for ADA/USDT: 1000 rows
2025-03-22 10:59:48,731 - INFO - Loaded data for AVAX/USDT: 1000 rows
2025-03-22 10:59:48,731 - INFO - Running backtest for BTC/USDT with starting balance 28.00
2025-03-22 11:00:47,862 - INFO - Loaded data for BTC/USDT: 1000 rows
2025-03-22 11:00:47,863 - INFO - Loaded data for BTC/USDT: 1000 rows
2025-03-22 11:00:48,121 - INFO - Loaded data for ETH/USDT: 1000 rows
2025-03-22 11:00:48,122 - INFO - Loaded data for ETH/USDT: 1000 rows
2025-03-22 11:00:48,375 - INFO - Loaded data for DOGE/USDT: 1000 rows
2025-03-22 11:00:48,375 - INFO - Loaded data for DOGE/USDT: 1000 rows
2025-03-22 11:00:48,626 - INFO - Loaded data for XRP/USDT: 1000 rows
2025-03-22 11:00:48,627 - INFO - Loaded data for XRP/USDT: 1000 rows
2025-03-22 11:00:48,888 - INFO - Loaded data for SOL/USDT: 1000 rows
2025-03-22 11:00:48,888 - INFO - Loaded data for SOL/USDT: 1000 rows
2025-03-22 11:00:49,138 - INFO - Loaded data for BNB/USDT: 1000 rows
2025-03-22 11:00:49,138 - INFO - Loaded data for BNB/USDT: 1000 rows
2025-03-22 11:00:49,398 - INFO - Loaded data for ADA/USDT: 1000 rows
2025-03-22 11:00:49,398 - INFO - Loaded data for ADA/USDT: 1000 rows
2025-03-22 11:00:49,655 - INFO - Loaded data for AVAX/USDT: 1000 rows
2025-03-22 11:00:49,655 - INFO - Loaded data for AVAX/USDT: 1000 rows
2025-03-22 11:00:50,330 - INFO - Starting backtest from 2025-03-08 to 2025-03-22...
2025-03-22 11:00:50,586 - INFO - Loaded data for BTC/USDT: 1000 rows
2025-03-22 11:00:50,845 - INFO - Loaded data for ETH/USDT: 1000 rows
2025-03-22 11:00:51,113 - INFO - Loaded data for DOGE/USDT: 1000 rows
2025-03-22 11:00:51,367 - INFO - Loaded data for XRP/USDT: 1000 rows
2025-03-22 11:00:51,626 - INFO - Loaded data for SOL/USDT: 1000 rows
2025-03-22 11:00:51,881 - INFO - Loaded data for BNB/USDT: 1000 rows
2025-03-22 11:00:52,145 - INFO - Loaded data for ADA/USDT: 1000 rows
2025-03-22 11:00:52,408 - INFO - Loaded data for AVAX/USDT: 1000 rows
2025-03-22 11:00:52,409 - INFO - Running backtest for BTC/USDT with starting balance 28.00
2025-03-22 11:01:22,350 - INFO - Loaded data for BTC/USDT: 1000 rows
2025-03-22 11:01:22,350 - INFO - Loaded data for BTC/USDT: 1000 rows
2025-03-22 11:01:22,603 - INFO - Loaded data for ETH/USDT: 1000 rows
2025-03-22 11:01:22,605 - INFO - Loaded data for ETH/USDT: 1000 rows
2025-03-22 11:01:22,865 - INFO - Loaded data for DOGE/USDT: 1000 rows
2025-03-22 11:01:22,865 - INFO - Loaded data for DOGE/USDT: 1000 rows
2025-03-22 11:01:23,118 - INFO - Loaded data for XRP/USDT: 1000 rows
2025-03-22 11:01:23,118 - INFO - Loaded data for XRP/USDT: 1000 rows
2025-03-22 11:01:23,386 - INFO - Loaded data for SOL/USDT: 1000 rows
2025-03-22 11:01:23,386 - INFO - Loaded data for SOL/USDT: 1000 rows
2025-03-22 11:01:23,641 - INFO - Loaded data for BNB/USDT: 1000 rows
2025-03-22 11:01:23,644 - INFO - Loaded data for BNB/USDT: 1000 rows
2025-03-22 11:01:24,124 - INFO - Loaded data for ADA/USDT: 1000 rows
2025-03-22 11:01:24,124 - INFO - Loaded data for ADA/USDT: 1000 rows
2025-03-22 11:01:24,380 - INFO - Loaded data for AVAX/USDT: 1000 rows
2025-03-22 11:01:24,381 - INFO - Loaded data for AVAX/USDT: 1000 rows
2025-03-22 11:01:25,179 - INFO - Starting backtest from 2025-03-08 to 2025-03-22...
2025-03-22 11:01:25,442 - INFO - Loaded data for BTC/USDT: 1000 rows
2025-03-22 11:01:25,705 - INFO - Loaded data for ETH/USDT: 1000 rows
2025-03-22 11:01:25,970 - INFO - Loaded data for DOGE/USDT: 1000 rows
2025-03-22 11:01:26,225 - INFO - Loaded data for XRP/USDT: 1000 rows
2025-03-22 11:01:26,486 - INFO - Loaded data for SOL/USDT: 1000 rows
2025-03-22 11:01:26,742 - INFO - Loaded data for BNB/USDT: 1000 rows
2025-03-22 11:01:26,999 - INFO - Loaded data for ADA/USDT: 1000 rows
2025-03-22 11:01:27,256 - INFO - Loaded data for AVAX/USDT: 1000 rows
2025-03-22 11:01:27,256 - INFO - Running backtest for BTC/USDT with starting balance 28.00
2025-03-22 11:01:27,274 - INFO - 📈 BTC/USDT: Entry=84834.76, SL=85038.49, TP=84427.29
2025-03-22 11:01:27,288 - INFO - 📈 BTC/USDT: Entry=84696.56, SL=84873.04, TP=84343.60
2025-03-22 11:01:27,302 - INFO - 📈 BTC/USDT: Entry=84067.48, SL=84274.04, TP=83654.36
2025-03-22 11:01:27,314 - INFO - 📈 BTC/USDT: Entry=84585.33, SL=84891.06, TP=83973.88
2025-03-22 11:01:27,329 - INFO - 📈 BTC/USDT: Entry=85899.66, SL=86305.33, TP=85088.33
2025-03-22 11:01:27,339 - INFO - 📈 BTC/USDT: Entry=85277.66, SL=85671.58, TP=84489.82
2025-03-22 11:01:27,357 - INFO - 📈 BTC/USDT: Entry=85681.38, SL=85961.12, TP=85121.88
2025-03-22 11:01:27,380 - INFO - 📈 BTC/USDT: Entry=86559.63, SL=86750.54, TP=86177.82
2025-03-22 11:01:27,405 - INFO - 📈 BTC/USDT: Entry=86966.89, SL=87193.72, TP=86513.22
2025-03-22 11:01:27,418 - INFO - 📈 BTC/USDT: Entry=86850.91, SL=87096.13, TP=86360.48
2025-03-22 11:01:27,430 - INFO - 📈 BTC/USDT: Entry=86850.91, SL=87110.10, TP=86332.53
2025-03-22 11:01:27,441 - INFO - 📈 BTC/USDT: Entry=86850.91, SL=87111.56, TP=86329.61
2025-03-22 11:01:27,462 - INFO - 📈 BTC/USDT: Entry=86850.91, SL=87077.03, TP=86398.68
2025-03-22 11:01:27,473 - INFO - 📈 BTC/USDT: Entry=86850.91, SL=87075.35, TP=86402.03
2025-03-22 11:01:27,486 - INFO - 📈 BTC/USDT: Entry=86850.91, SL=87072.76, TP=86407.22
2025-03-22 11:01:27,497 - INFO - 📈 BTC/USDT: Entry=86850.91, SL=87056.14, TP=86440.46
2025-03-22 11:01:27,511 - INFO - 📈 BTC/USDT: Entry=86850.91, SL=87054.86, TP=86443.03
2025-03-22 11:01:27,528 - INFO - 📈 BTC/USDT: Entry=85826.90, SL=86027.15, TP=85426.40
2025-03-22 11:01:27,545 - INFO - 📈 BTC/USDT: Entry=86151.58, SL=86312.31, TP=85830.11
2025-03-22 11:01:27,565 - INFO - 📈 BTC/USDT: Entry=86053.95, SL=86168.59, TP=85824.66
2025-03-22 11:01:27,582 - INFO - 📈 BTC/USDT: Entry=85832.83, SL=85946.84, TP=85604.80
2025-03-22 11:01:27,601 - INFO - 📈 BTC/USDT: Entry=85832.83, SL=85948.73, TP=85601.03
2025-03-22 11:01:27,622 - INFO - 📈 BTC/USDT: Entry=85763.98, SL=85879.41, TP=85533.11
2025-03-22 11:01:27,642 - INFO - 📈 BTC/USDT: Entry=85634.99, SL=85746.08, TP=85412.81
2025-03-22 11:01:27,669 - INFO - 📈 BTC/USDT: Entry=86040.92, SL=86142.11, TP=85838.56
2025-03-22 11:01:27,688 - INFO - 📈 BTC/USDT: Entry=86040.92, SL=86139.55, TP=85843.67
2025-03-22 11:01:27,708 - INFO - 📈 BTC/USDT: Entry=86040.92, SL=86142.14, TP=85838.49
2025-03-22 11:01:27,729 - INFO - 📈 BTC/USDT: Entry=85845.04, SL=85938.85, TP=85657.43
2025-03-22 11:01:27,753 - INFO - 📈 BTC/USDT: Entry=85836.05, SL=85934.82, TP=85638.51
2025-03-22 11:01:27,781 - INFO - 📈 BTC/USDT: Entry=86019.95, SL=86113.14, TP=85833.59
2025-03-22 11:01:27,799 - INFO - 📈 BTC/USDT: Entry=86019.95, SL=86112.18, TP=85835.49
2025-03-22 11:01:27,820 - INFO - 📈 BTC/USDT: Entry=85911.17, SL=86005.88, TP=85721.73
2025-03-22 11:01:27,844 - INFO - 📈 BTC/USDT: Entry=85911.17, SL=86043.76, TP=85645.98
2025-03-22 11:01:27,859 - INFO - 📈 BTC/USDT: Entry=85911.17, SL=86076.62, TP=85580.25
2025-03-22 11:01:27,879 - INFO - 📈 BTC/USDT: Entry=85305.60, SL=85484.73, TP=84947.34
2025-03-22 11:01:27,908 - INFO - 📈 BTC/USDT: Entry=85365.79, SL=85489.63, TP=85118.10
2025-03-22 11:01:27,926 - INFO - 📈 BTC/USDT: Entry=85586.30, SL=85703.97, TP=85350.97
2025-03-22 11:01:27,945 - INFO - 📈 BTC/USDT: Entry=85586.30, SL=85701.06, TP=85356.78
2025-03-22 11:01:27,962 - INFO - 📈 BTC/USDT: Entry=85361.97, SL=85471.96, TP=85141.99
2025-03-22 11:01:27,986 - INFO - 📈 BTC/USDT: Entry=85361.97, SL=85472.66, TP=85140.59
2025-03-22 11:01:28,009 - INFO - 📈 BTC/USDT: Entry=85827.21, SL=85987.59, TP=85506.45
2025-03-22 11:01:28,040 - INFO - 📈 BTC/USDT: Entry=86430.63, SL=86657.96, TP=85975.99
2025-03-22 11:01:28,058 - INFO - 📈 BTC/USDT: Entry=85647.97, SL=85947.22, TP=85049.48
2025-03-22 11:01:28,082 - INFO - 📈 BTC/USDT: Entry=85647.97, SL=85951.42, TP=85041.07
2025-03-22 11:01:28,108 - INFO - 📈 BTC/USDT: Entry=85772.10, SL=86083.09, TP=85150.11
2025-03-22 11:01:28,134 - INFO - 📈 BTC/USDT: Entry=85195.50, SL=85505.47, TP=84575.55
2025-03-22 11:01:28,163 - INFO - 📈 BTC/USDT: Entry=84873.11, SL=85168.43, TP=84282.47
2025-03-22 11:01:28,191 - INFO - 📈 BTC/USDT: Entry=84873.11, SL=85163.25, TP=84292.83
2025-03-22 11:01:28,219 - INFO - 📈 BTC/USDT: Entry=84195.52, SL=84495.08, TP=83596.41
2025-03-22 11:01:28,260 - INFO - 📈 BTC/USDT: Entry=84649.45, SL=84769.60, TP=84409.16
2025-03-22 11:01:28,288 - INFO - 📈 BTC/USDT: Entry=84649.45, SL=84772.71, TP=84402.94
2025-03-22 11:01:28,321 - INFO - 📈 BTC/USDT: Entry=84559.92, SL=84677.55, TP=84324.64
2025-03-22 11:01:28,344 - INFO - 📈 BTC/USDT: Entry=84559.92, SL=84670.45, TP=84338.85
2025-03-22 11:01:28,365 - INFO - 📈 BTC/USDT: Entry=84334.91, SL=84447.13, TP=84110.47
2025-03-22 11:01:28,385 - INFO - 📈 BTC/USDT: Entry=84334.91, SL=84450.52, TP=84103.70
2025-03-22 11:01:28,406 - INFO - 📈 BTC/USDT: Entry=84334.91, SL=84446.35, TP=84112.03
2025-03-22 11:01:28,426 - INFO - 📈 BTC/USDT: Entry=84334.91, SL=84447.70, TP=84109.34
2025-03-22 11:01:28,443 - INFO - 📈 BTC/USDT: Entry=84334.91, SL=84445.47, TP=84113.80
2025-03-22 11:01:28,473 - INFO - 📈 BTC/USDT: Entry=84516.55, SL=84624.09, TP=84301.47
2025-03-22 11:01:28,498 - INFO - 📈 BTC/USDT: Entry=84607.30, SL=84697.42, TP=84427.07
2025-03-22 11:01:28,532 - INFO - 📈 BTC/USDT: Entry=84836.95, SL=84927.99, TP=84654.87
2025-03-22 11:01:28,552 - INFO - 📈 BTC/USDT: Entry=84836.95, SL=84925.39, TP=84660.08
2025-03-22 11:01:28,571 - INFO - 📈 BTC/USDT: Entry=84836.95, SL=84926.21, TP=84658.44
2025-03-22 11:01:28,594 - INFO - 📈 BTC/USDT: Entry=84836.95, SL=84918.91, TP=84673.04
2025-03-22 11:01:28,620 - INFO - 📈 BTC/USDT: Entry=84696.53, SL=84793.19, TP=84503.22
2025-03-22 11:01:28,639 - INFO - 📈 BTC/USDT: Entry=84696.53, SL=84798.73, TP=84492.13
2025-03-22 11:01:28,659 - INFO - 📈 BTC/USDT: Entry=84696.53, SL=84798.56, TP=84492.47
2025-03-22 11:01:28,681 - INFO - 📈 BTC/USDT: Entry=84510.43, SL=84608.03, TP=84315.21
2025-03-22 11:01:28,708 - INFO - 📈 BTC/USDT: Entry=84784.70, SL=84866.09, TP=84621.91
2025-03-22 11:01:28,727 - INFO - 📈 BTC/USDT: Entry=84784.70, SL=84865.89, TP=84622.32
2025-03-22 11:01:28,750 - INFO - 📈 BTC/USDT: Entry=84784.70, SL=84866.08, TP=84621.93
2025-03-22 11:01:28,776 - INFO - 📈 BTC/USDT: Entry=84510.87, SL=84592.62, TP=84347.35
2025-03-22 11:01:28,807 - INFO - 📈 BTC/USDT: Entry=84532.58, SL=84625.17, TP=84347.40
2025-03-22 11:01:28,826 - INFO - 📈 BTC/USDT: Entry=84532.58, SL=84635.36, TP=84327.01
2025-03-22 11:01:28,846 - INFO - 📈 BTC/USDT: Entry=84212.91, SL=84314.49, TP=84009.74
2025-03-22 11:01:28,871 - INFO - 📈 BTC/USDT: Entry=84240.40, SL=84346.96, TP=84027.28
2025-03-22 11:01:28,895 - INFO - 📈 BTC/USDT: Entry=84240.40, SL=84346.94, TP=84027.30
2025-03-22 11:01:28,916 - INFO - 📈 BTC/USDT: Entry=83920.72, SL=84034.53, TP=83693.08
2025-03-22 11:01:28,936 - INFO - 📈 BTC/USDT: Entry=83920.72, SL=84045.12, TP=83671.92
2025-03-22 11:01:28,965 - INFO - 📈 BTC/USDT: Entry=84029.60, SL=84146.59, TP=83795.61
2025-03-22 11:01:28,991 - INFO - 📈 BTC/USDT: Entry=84245.69, SL=84352.15, TP=84032.77
2025-03-22 11:01:29,013 - INFO - 📈 BTC/USDT: Entry=84245.69, SL=84356.34, TP=84024.39
2025-03-22 11:01:29,034 - INFO - 📈 BTC/USDT: Entry=84245.69, SL=84343.21, TP=84050.66
2025-03-22 11:01:29,057 - INFO - 📈 BTC/USDT: Entry=84044.97, SL=84138.66, TP=83857.60
2025-03-22 11:01:29,091 - INFO - 📈 BTC/USDT: Entry=84123.35, SL=84222.15, TP=83925.75
2025-03-22 11:01:29,114 - INFO - 📈 BTC/USDT: Entry=84123.35, SL=84242.13, TP=83885.79
2025-03-22 11:01:29,134 - INFO - 📈 BTC/USDT: Entry=83942.11, SL=84064.64, TP=83697.04
2025-03-22 11:01:29,158 - INFO - 📈 BTC/USDT: Entry=83942.11, SL=84085.92, TP=83654.48
2025-03-22 11:01:29,183 - INFO - 📈 BTC/USDT: Entry=83650.62, SL=83791.27, TP=83369.32
2025-03-22 11:01:29,214 - INFO - 📈 BTC/USDT: Entry=84019.64, SL=84245.93, TP=83567.04
2025-03-22 11:01:29,242 - INFO - 📈 BTC/USDT: Entry=83717.80, SL=83908.63, TP=83336.16
2025-03-22 11:01:29,278 - INFO - 📈 BTC/USDT: Entry=84023.12, SL=84223.81, TP=83621.73
2025-03-22 11:01:29,319 - INFO - 📈 BTC/USDT: Entry=83996.95, SL=84140.23, TP=83710.40
2025-03-22 11:01:29,356 - INFO - 📈 BTC/USDT: Entry=84138.05, SL=84270.11, TP=83873.94
2025-03-22 11:01:29,391 - INFO - 📈 BTC/USDT: Entry=84138.05, SL=84263.00, TP=83888.16
2025-03-22 11:01:29,430 - INFO - 📈 BTC/USDT: Entry=84040.32, SL=84159.36, TP=83802.23
2025-03-22 11:01:29,478 - INFO - 📈 BTC/USDT: Entry=84555.68, SL=84652.96, TP=84361.12
2025-03-22 11:01:29,515 - INFO - 📈 BTC/USDT: Entry=84555.68, SL=84647.70, TP=84371.65
2025-03-22 11:01:29,552 - INFO - 📈 BTC/USDT: Entry=84402.56, SL=84501.92, TP=84203.83
2025-03-22 11:01:29,590 - INFO - 📈 BTC/USDT: Entry=84381.31, SL=84469.91, TP=84204.11
2025-03-22 11:01:29,627 - INFO - 📈 BTC/USDT: Entry=84381.31, SL=84464.60, TP=84214.73
2025-03-22 11:01:29,665 - INFO - 📈 BTC/USDT: Entry=84381.31, SL=84461.45, TP=84221.03
2025-03-22 11:01:29,704 - INFO - 📈 BTC/USDT: Entry=84381.31, SL=84460.80, TP=84222.32
2025-03-22 11:01:29,740 - INFO - 📈 BTC/USDT: Entry=84381.31, SL=84453.90, TP=84236.12
2025-03-22 11:01:29,767 - INFO - 📈 BTC/USDT: Entry=84381.31, SL=84449.76, TP=84244.40
2025-03-22 11:01:29,790 - INFO - 📈 BTC/USDT: Entry=84154.65, SL=84216.71, TP=84030.53
2025-03-22 11:01:29,817 - INFO - 📈 BTC/USDT: Entry=84322.70, SL=84382.84, TP=84202.41
2025-03-22 11:01:29,845 - INFO - 📈 BTC/USDT: Entry=84290.45, SL=84351.96, TP=84167.43
2025-03-22 11:01:29,869 - INFO - 📈 BTC/USDT: Entry=84290.45, SL=84355.42, TP=84160.50
2025-03-22 11:01:29,894 - INFO - 📈 BTC/USDT: Entry=84290.45, SL=84353.61, TP=84164.12
2025-03-22 11:01:29,919 - INFO - 📈 BTC/USDT: Entry=84143.96, SL=84205.39, TP=84021.10
2025-03-22 11:01:29,946 - INFO - 📈 BTC/USDT: Entry=84300.29, SL=84357.34, TP=84186.17
2025-03-22 11:01:29,971 - INFO - 📈 BTC/USDT: Entry=84265.25, SL=84319.80, TP=84156.16
2025-03-22 11:01:29,999 - INFO - 📈 BTC/USDT: Entry=84402.32, SL=84450.89, TP=84305.18
2025-03-22 11:01:30,036 - INFO - 📈 BTC/USDT: Entry=84402.32, SL=84442.88, TP=84321.19
2025-03-22 11:01:30,061 - INFO - 📈 BTC/USDT: Entry=84402.32, SL=84443.51, TP=84319.92
2025-03-22 11:01:30,085 - INFO - 📈 BTC/USDT: Entry=84402.32, SL=84444.65, TP=84317.66
2025-03-22 11:01:30,114 - INFO - 📈 BTC/USDT: Entry=84456.88, SL=84502.30, TP=84366.05
2025-03-22 11:01:30,149 - INFO - 📈 BTC/USDT: Entry=84433.29, SL=84476.10, TP=84347.66
2025-03-22 11:01:30,180 - INFO - 📈 BTC/USDT: Entry=84389.91, SL=84430.71, TP=84308.29
2025-03-22 11:01:30,210 - INFO - 📈 BTC/USDT: Entry=84389.91, SL=84432.60, TP=84304.51
2025-03-22 11:01:30,238 - INFO - 📈 BTC/USDT: Entry=84356.00, SL=84399.85, TP=84268.30
2025-03-22 11:01:30,267 - INFO - 📈 BTC/USDT: Entry=84356.00, SL=84397.50, TP=84273.00
2025-03-22 11:01:30,296 - INFO - 📈 BTC/USDT: Entry=84315.66, SL=84356.11, TP=84234.76
2025-03-22 11:01:30,324 - INFO - 📈 BTC/USDT: Entry=84315.66, SL=84359.21, TP=84228.57
2025-03-22 11:01:30,351 - INFO - 📈 BTC/USDT: Entry=84315.66, SL=84360.61, TP=84225.77
2025-03-22 11:01:30,389 - INFO - 📈 BTC/USDT: Entry=84446.45, SL=84499.32, TP=84340.72
2025-03-22 11:01:30,392 - INFO - Running backtest for ETH/USDT with starting balance 33.38
2025-03-22 11:01:30,400 - INFO - 📈 ETH/USDT: Entry=2051.04, SL=2058.22, TP=2036.67
2025-03-22 11:01:30,409 - INFO - 📈 ETH/USDT: Entry=2047.04, SL=2053.42, TP=2034.29
2025-03-22 11:01:30,416 - INFO - 📈 ETH/USDT: Entry=2022.03, SL=2028.90, TP=2008.29
2025-03-22 11:01:30,425 - INFO - 📈 ETH/USDT: Entry=2027.80, SL=2039.37, TP=2004.65
2025-03-22 11:01:30,440 - INFO - 📈 ETH/USDT: Entry=2050.93, SL=2063.15, TP=2026.50
2025-03-22 11:01:30,450 - INFO - 📈 ETH/USDT: Entry=2050.93, SL=2062.73, TP=2027.33
2025-03-22 11:01:30,468 - INFO - 📈 ETH/USDT: Entry=2056.59, SL=2061.99, TP=2045.80
2025-03-22 11:01:30,480 - INFO - 📈 ETH/USDT: Entry=2056.59, SL=2061.80, TP=2046.19
2025-03-22 11:01:30,492 - INFO - 📈 ETH/USDT: Entry=2056.59, SL=2062.43, TP=2044.93
2025-03-22 11:01:30,504 - INFO - 📈 ETH/USDT: Entry=2064.86, SL=2071.03, TP=2052.53
2025-03-22 11:01:30,516 - INFO - 📈 ETH/USDT: Entry=2064.86, SL=2070.99, TP=2052.61
2025-03-22 11:01:30,528 - INFO - 📈 ETH/USDT: Entry=2064.86, SL=2071.16, TP=2052.26
2025-03-22 11:01:30,540 - INFO - 📈 ETH/USDT: Entry=2064.86, SL=2071.19, TP=2052.22
2025-03-22 11:01:30,552 - INFO - 📈 ETH/USDT: Entry=2064.86, SL=2071.02, TP=2052.54
2025-03-22 11:01:30,566 - INFO - 📈 ETH/USDT: Entry=2064.86, SL=2070.69, TP=2053.22
2025-03-22 11:01:30,578 - INFO - 📈 ETH/USDT: Entry=2064.86, SL=2070.53, TP=2053.52
2025-03-22 11:01:30,590 - INFO - 📈 ETH/USDT: Entry=2064.86, SL=2070.46, TP=2053.67
2025-03-22 11:01:30,601 - INFO - 📈 ETH/USDT: Entry=2064.86, SL=2070.26, TP=2054.07
2025-03-22 11:01:30,612 - INFO - 📈 ETH/USDT: Entry=2028.95, SL=2033.96, TP=2018.91
2025-03-22 11:01:30,633 - INFO - 📈 ETH/USDT: Entry=2022.21, SL=2025.56, TP=2015.51
2025-03-22 11:01:30,646 - INFO - 📈 ETH/USDT: Entry=2022.21, SL=2025.57, TP=2015.49
2025-03-22 11:01:30,665 - INFO - 📈 ETH/USDT: Entry=2020.20, SL=2023.29, TP=2014.01
2025-03-22 11:01:30,680 - INFO - 📈 ETH/USDT: Entry=2020.20, SL=2023.38, TP=2013.83
2025-03-22 11:01:30,693 - INFO - 📈 ETH/USDT: Entry=2020.20, SL=2023.42, TP=2013.76
2025-03-22 11:01:30,709 - INFO - 📈 ETH/USDT: Entry=2014.98, SL=2018.12, TP=2008.71
2025-03-22 11:01:30,723 - INFO - 📈 ETH/USDT: Entry=2011.09, SL=2014.17, TP=2004.93
2025-03-22 11:01:30,735 - INFO - 📈 ETH/USDT: Entry=2009.55, SL=2012.87, TP=2002.90
2025-03-22 11:01:30,753 - INFO - 📈 ETH/USDT: Entry=2021.50, SL=2024.90, TP=2014.69
2025-03-22 11:01:30,769 - INFO - 📈 ETH/USDT: Entry=2021.50, SL=2024.72, TP=2015.07
2025-03-22 11:01:30,781 - INFO - 📈 ETH/USDT: Entry=2021.50, SL=2024.74, TP=2015.02
2025-03-22 11:01:30,795 - INFO - 📈 ETH/USDT: Entry=2021.50, SL=2024.79, TP=2014.91
2025-03-22 11:01:30,809 - INFO - 📈 ETH/USDT: Entry=2012.13, SL=2015.55, TP=2005.30
2025-03-22 11:01:30,822 - INFO - 📈 ETH/USDT: Entry=2012.13, SL=2015.76, TP=2004.87
2025-03-22 11:01:30,837 - INFO - 📈 ETH/USDT: Entry=2012.13, SL=2017.20, TP=2001.99
2025-03-22 11:01:30,858 - INFO - 📈 ETH/USDT: Entry=2012.13, SL=2017.50, TP=2001.39
2025-03-22 11:01:30,880 - INFO - 📈 ETH/USDT: Entry=1985.49, SL=1991.06, TP=1974.35
2025-03-22 11:01:30,899 - INFO - 📈 ETH/USDT: Entry=1994.41, SL=1998.52, TP=1986.19
2025-03-22 11:01:30,919 - INFO - 📈 ETH/USDT: Entry=1995.23, SL=1999.84, TP=1986.02
2025-03-22 11:01:30,935 - INFO - 📈 ETH/USDT: Entry=1995.23, SL=2000.40, TP=1984.91
2025-03-22 11:01:30,952 - INFO - 📈 ETH/USDT: Entry=2008.93, SL=2015.43, TP=1995.92
2025-03-22 11:01:30,969 - INFO - 📈 ETH/USDT: Entry=1988.09, SL=1996.02, TP=1972.22
2025-03-22 11:01:30,985 - INFO - 📈 ETH/USDT: Entry=1986.77, SL=1994.93, TP=1970.46
2025-03-22 11:01:31,002 - INFO - 📈 ETH/USDT: Entry=1977.38, SL=1984.69, TP=1962.75
2025-03-22 11:01:31,018 - INFO - 📈 ETH/USDT: Entry=1960.62, SL=1968.13, TP=1945.59
2025-03-22 11:01:31,036 - INFO - 📈 ETH/USDT: Entry=1960.62, SL=1967.33, TP=1947.19
2025-03-22 11:01:31,056 - INFO - 📈 ETH/USDT: Entry=1973.63, SL=1979.59, TP=1961.72
2025-03-22 11:01:31,082 - INFO - 📈 ETH/USDT: Entry=1982.74, SL=1986.25, TP=1975.71
2025-03-22 11:01:31,103 - INFO - 📈 ETH/USDT: Entry=1979.26, SL=1982.45, TP=1972.87
2025-03-22 11:01:31,129 - INFO - 📈 ETH/USDT: Entry=1992.85, SL=1996.56, TP=1985.43
2025-03-22 11:01:31,146 - INFO - 📈 ETH/USDT: Entry=1992.85, SL=1996.46, TP=1985.64
2025-03-22 11:01:31,171 - INFO - 📈 ETH/USDT: Entry=1992.85, SL=1996.39, TP=1985.77
2025-03-22 11:01:31,196 - INFO - 📈 ETH/USDT: Entry=1988.00, SL=1991.48, TP=1981.03
2025-03-22 11:01:31,214 - INFO - 📈 ETH/USDT: Entry=1981.18, SL=1984.87, TP=1973.79
2025-03-22 11:01:31,236 - INFO - 📈 ETH/USDT: Entry=1989.06, SL=1991.93, TP=1983.32
2025-03-22 11:01:31,256 - INFO - 📈 ETH/USDT: Entry=1985.73, SL=1988.80, TP=1979.59
2025-03-22 11:01:31,276 - INFO - 📈 ETH/USDT: Entry=1977.24, SL=1980.33, TP=1971.06
2025-03-22 11:01:31,299 - INFO - 📈 ETH/USDT: Entry=1976.39, SL=1979.84, TP=1969.51
2025-03-22 11:01:31,325 - INFO - 📈 ETH/USDT: Entry=1973.06, SL=1976.94, TP=1965.31
2025-03-22 11:01:31,347 - INFO - 📈 ETH/USDT: Entry=1978.76, SL=1982.82, TP=1970.62
2025-03-22 11:01:31,367 - INFO - 📈 ETH/USDT: Entry=1978.76, SL=1982.69, TP=1970.90
2025-03-22 11:01:31,389 - INFO - 📈 ETH/USDT: Entry=1978.76, SL=1983.03, TP=1970.21
2025-03-22 11:01:31,410 - INFO - 📈 ETH/USDT: Entry=1970.46, SL=1974.75, TP=1961.88
2025-03-22 11:01:31,437 - INFO - 📈 ETH/USDT: Entry=1976.88, SL=1981.19, TP=1968.28
2025-03-22 11:01:31,460 - INFO - 📈 ETH/USDT: Entry=1967.87, SL=1972.02, TP=1959.56
2025-03-22 11:01:31,486 - INFO - 📈 ETH/USDT: Entry=1973.32, SL=1976.95, TP=1966.07
2025-03-22 11:01:31,512 - INFO - 📈 ETH/USDT: Entry=1973.32, SL=1978.56, TP=1962.85
2025-03-22 11:01:31,532 - INFO - 📈 ETH/USDT: Entry=1973.32, SL=1978.68, TP=1962.60
2025-03-22 11:01:31,557 - INFO - 📈 ETH/USDT: Entry=1973.32, SL=1978.87, TP=1962.22
2025-03-22 11:01:31,586 - INFO - 📈 ETH/USDT: Entry=1950.16, SL=1955.43, TP=1939.61
2025-03-22 11:01:31,616 - INFO - 📈 ETH/USDT: Entry=1954.10, SL=1959.90, TP=1942.50
2025-03-22 11:01:31,641 - INFO - 📈 ETH/USDT: Entry=1960.80, SL=1966.12, TP=1950.16
2025-03-22 11:01:31,670 - INFO - 📈 ETH/USDT: Entry=1966.18, SL=1971.16, TP=1956.23
2025-03-22 11:01:31,697 - INFO - 📈 ETH/USDT: Entry=1973.35, SL=1977.43, TP=1965.20
2025-03-22 11:01:31,721 - INFO - 📈 ETH/USDT: Entry=1967.02, SL=1970.98, TP=1959.08
2025-03-22 11:01:31,745 - INFO - 📈 ETH/USDT: Entry=1969.91, SL=1973.93, TP=1961.86
2025-03-22 11:01:31,768 - INFO - 📈 ETH/USDT: Entry=1971.80, SL=1975.52, TP=1964.36
2025-03-22 11:01:31,798 - INFO - 📈 ETH/USDT: Entry=1975.65, SL=1979.08, TP=1968.80
2025-03-22 11:01:31,828 - INFO - 📈 ETH/USDT: Entry=1978.19, SL=1981.02, TP=1972.53
2025-03-22 11:01:31,850 - INFO - 📈 ETH/USDT: Entry=1978.19, SL=1981.26, TP=1972.03
2025-03-22 11:01:31,881 - INFO - 📈 ETH/USDT: Entry=1971.86, SL=1974.90, TP=1965.77
2025-03-22 11:01:31,909 - INFO - 📈 ETH/USDT: Entry=1971.86, SL=1975.00, TP=1965.59
2025-03-22 11:01:31,941 - INFO - 📈 ETH/USDT: Entry=1971.86, SL=1974.89, TP=1965.79
2025-03-22 11:01:31,972 - INFO - 📈 ETH/USDT: Entry=1967.33, SL=1969.81, TP=1962.35
2025-03-22 11:01:32,012 - INFO - 📈 ETH/USDT: Entry=1987.05, SL=1990.28, TP=1980.57
2025-03-22 11:01:32,037 - INFO - 📈 ETH/USDT: Entry=1982.65, SL=1985.87, TP=1976.22
2025-03-22 11:01:32,066 - INFO - 📈 ETH/USDT: Entry=1976.07, SL=1979.34, TP=1969.54
2025-03-22 11:01:32,096 - INFO - 📈 ETH/USDT: Entry=1982.06, SL=1984.76, TP=1976.66
2025-03-22 11:01:32,129 - INFO - 📈 ETH/USDT: Entry=1991.43, SL=1993.98, TP=1986.34
2025-03-22 11:01:32,165 - INFO - 📈 ETH/USDT: Entry=1991.02, SL=1993.19, TP=1986.68
2025-03-22 11:01:32,200 - INFO - 📈 ETH/USDT: Entry=1991.02, SL=1993.20, TP=1986.66
2025-03-22 11:01:32,235 - INFO - 📈 ETH/USDT: Entry=1991.02, SL=1993.13, TP=1986.80
2025-03-22 11:01:32,269 - INFO - 📈 ETH/USDT: Entry=1988.10, SL=1990.19, TP=1983.92
2025-03-22 11:01:32,298 - INFO - 📈 ETH/USDT: Entry=1991.76, SL=1993.97, TP=1987.33
2025-03-22 11:01:32,327 - INFO - 📈 ETH/USDT: Entry=1991.76, SL=1993.92, TP=1987.43
2025-03-22 11:01:32,354 - INFO - 📈 ETH/USDT: Entry=1989.90, SL=1991.76, TP=1986.18
2025-03-22 11:01:32,382 - INFO - 📈 ETH/USDT: Entry=1990.10, SL=1992.12, TP=1986.05
2025-03-22 11:01:32,412 - INFO - 📈 ETH/USDT: Entry=1985.94, SL=1988.01, TP=1981.82
2025-03-22 11:01:32,450 - INFO - 📈 ETH/USDT: Entry=2002.80, SL=2006.21, TP=1995.98
2025-03-22 11:01:32,477 - INFO - 📈 ETH/USDT: Entry=2002.80, SL=2006.33, TP=1995.75
2025-03-22 11:01:32,504 - INFO - 📈 ETH/USDT: Entry=1997.17, SL=2000.45, TP=1990.59
2025-03-22 11:01:32,506 - INFO - Running backtest for DOGE/USDT with starting balance 81.32
2025-03-22 11:01:32,514 - INFO - 📈 DOGE/USDT: Entry=0.17, SL=0.17, TP=0.17
2025-03-22 11:01:32,522 - INFO - 📈 DOGE/USDT: Entry=0.17, SL=0.17, TP=0.17
2025-03-22 11:01:32,531 - INFO - 📈 DOGE/USDT: Entry=0.17, SL=0.17, TP=0.17
2025-03-22 11:01:32,539 - INFO - 📈 DOGE/USDT: Entry=0.17, SL=0.17, TP=0.17
2025-03-22 11:01:32,550 - INFO - 📈 DOGE/USDT: Entry=0.17, SL=0.17, TP=0.17
2025-03-22 11:01:32,565 - INFO - 📈 DOGE/USDT: Entry=0.17, SL=0.18, TP=0.17
2025-03-22 11:01:32,581 - INFO - 📈 DOGE/USDT: Entry=0.18, SL=0.18, TP=0.17
2025-03-22 11:01:32,595 - INFO - 📈 DOGE/USDT: Entry=0.18, SL=0.18, TP=0.17
2025-03-22 11:01:32,608 - INFO - 📈 DOGE/USDT: Entry=0.18, SL=0.18, TP=0.18
2025-03-22 11:01:32,625 - INFO - 📈 DOGE/USDT: Entry=0.18, SL=0.18, TP=0.18
2025-03-22 11:01:32,636 - INFO - 📈 DOGE/USDT: Entry=0.18, SL=0.18, TP=0.18
2025-03-22 11:01:32,652 - INFO - 📈 DOGE/USDT: Entry=0.18, SL=0.18, TP=0.18
2025-03-22 11:01:32,665 - INFO - 📈 DOGE/USDT: Entry=0.18, SL=0.18, TP=0.17
2025-03-22 11:01:32,680 - INFO - 📈 DOGE/USDT: Entry=0.18, SL=0.18, TP=0.18
2025-03-22 11:01:32,699 - INFO - 📈 DOGE/USDT: Entry=0.18, SL=0.18, TP=0.18
2025-03-22 11:01:32,718 - INFO - 📈 DOGE/USDT: Entry=0.18, SL=0.18, TP=0.17
2025-03-22 11:01:32,729 - INFO - 📈 DOGE/USDT: Entry=0.18, SL=0.18, TP=0.17
2025-03-22 11:01:32,741 - INFO - 📈 DOGE/USDT: Entry=0.17, SL=0.17, TP=0.17
2025-03-22 11:01:32,767 - INFO - 📈 DOGE/USDT: Entry=0.17, SL=0.18, TP=0.17
2025-03-22 11:01:32,803 - INFO - 📈 DOGE/USDT: Entry=0.18, SL=0.18, TP=0.18
2025-03-22 11:01:32,823 - INFO - 📈 DOGE/USDT: Entry=0.18, SL=0.18, TP=0.18
2025-03-22 11:01:32,834 - INFO - 📈 DOGE/USDT: Entry=0.18, SL=0.18, TP=0.18
2025-03-22 11:01:32,848 - INFO - 📈 DOGE/USDT: Entry=0.18, SL=0.18, TP=0.18
2025-03-22 11:01:32,862 - INFO - 📈 DOGE/USDT: Entry=0.17, SL=0.18, TP=0.17
2025-03-22 11:01:32,877 - INFO - 📈 DOGE/USDT: Entry=0.17, SL=0.17, TP=0.17
2025-03-22 11:01:32,892 - INFO - 📈 DOGE/USDT: Entry=0.17, SL=0.17, TP=0.17
2025-03-22 11:01:32,912 - INFO - 📈 DOGE/USDT: Entry=0.17, SL=0.17, TP=0.17
2025-03-22 11:01:32,924 - INFO - 📈 DOGE/USDT: Entry=0.17, SL=0.17, TP=0.17
2025-03-22 11:01:32,936 - INFO - 📈 DOGE/USDT: Entry=0.17, SL=0.17, TP=0.17
2025-03-22 11:01:32,956 - INFO - 📈 DOGE/USDT: Entry=0.17, SL=0.17, TP=0.17
2025-03-22 11:01:32,969 - INFO - 📈 DOGE/USDT: Entry=0.17, SL=0.17, TP=0.17
2025-03-22 11:01:32,989 - INFO - 📈 DOGE/USDT: Entry=0.17, SL=0.17, TP=0.17
2025-03-22 11:01:33,009 - INFO - 📈 DOGE/USDT: Entry=0.17, SL=0.17, TP=0.17
2025-03-22 11:01:33,024 - INFO - 📈 DOGE/USDT: Entry=0.17, SL=0.17, TP=0.17
2025-03-22 11:01:33,040 - INFO - 📈 DOGE/USDT: Entry=0.17, SL=0.17, TP=0.17
2025-03-22 11:01:33,056 - INFO - 📈 DOGE/USDT: Entry=0.17, SL=0.17, TP=0.17
2025-03-22 11:01:33,074 - INFO - 📈 DOGE/USDT: Entry=0.17, SL=0.17, TP=0.17
2025-03-22 11:01:33,090 - INFO - 📈 DOGE/USDT: Entry=0.17, SL=0.17, TP=0.17
2025-03-22 11:01:33,115 - INFO - 📈 DOGE/USDT: Entry=0.17, SL=0.17, TP=0.17
2025-03-22 11:01:33,134 - INFO - 📈 DOGE/USDT: Entry=0.17, SL=0.17, TP=0.17
2025-03-22 11:01:33,160 - INFO - 📈 DOGE/USDT: Entry=0.17, SL=0.17, TP=0.17
2025-03-22 11:01:33,193 - INFO - 📈 DOGE/USDT: Entry=0.17, SL=0.17, TP=0.17
2025-03-22 11:01:33,226 - INFO - 📈 DOGE/USDT: Entry=0.17, SL=0.17, TP=0.17
2025-03-22 11:01:33,244 - INFO - 📈 DOGE/USDT: Entry=0.17, SL=0.17, TP=0.17
2025-03-22 11:01:33,260 - INFO - 📈 DOGE/USDT: Entry=0.17, SL=0.17, TP=0.17
2025-03-22 11:01:33,280 - INFO - 📈 DOGE/USDT: Entry=0.17, SL=0.17, TP=0.17
2025-03-22 11:01:33,301 - INFO - 📈 DOGE/USDT: Entry=0.17, SL=0.17, TP=0.17
2025-03-22 11:01:33,328 - INFO - 📈 DOGE/USDT: Entry=0.17, SL=0.17, TP=0.17
2025-03-22 11:01:33,347 - INFO - 📈 DOGE/USDT: Entry=0.17, SL=0.17, TP=0.17
2025-03-22 11:01:33,366 - INFO - 📈 DOGE/USDT: Entry=0.17, SL=0.17, TP=0.17
2025-03-22 11:01:33,387 - INFO - 📈 DOGE/USDT: Entry=0.17, SL=0.17, TP=0.17
2025-03-22 11:01:33,413 - INFO - 📈 DOGE/USDT: Entry=0.17, SL=0.17, TP=0.17
2025-03-22 11:01:33,437 - INFO - 📈 DOGE/USDT: Entry=0.17, SL=0.17, TP=0.17
2025-03-22 11:01:33,460 - INFO - 📈 DOGE/USDT: Entry=0.17, SL=0.17, TP=0.17
2025-03-22 11:01:33,482 - INFO - 📈 DOGE/USDT: Entry=0.17, SL=0.17, TP=0.17
2025-03-22 11:01:33,502 - INFO - 📈 DOGE/USDT: Entry=0.17, SL=0.17, TP=0.17
2025-03-22 11:01:33,527 - INFO - 📈 DOGE/USDT: Entry=0.17, SL=0.17, TP=0.17
2025-03-22 11:01:33,552 - INFO - 📈 DOGE/USDT: Entry=0.17, SL=0.17, TP=0.17
2025-03-22 11:01:33,573 - INFO - 📈 DOGE/USDT: Entry=0.17, SL=0.17, TP=0.17
2025-03-22 11:01:33,593 - INFO - 📈 DOGE/USDT: Entry=0.17, SL=0.17, TP=0.17
2025-03-22 11:01:33,618 - INFO - 📈 DOGE/USDT: Entry=0.17, SL=0.17, TP=0.17
2025-03-22 11:01:33,641 - INFO - 📈 DOGE/USDT: Entry=0.17, SL=0.17, TP=0.17
2025-03-22 11:01:33,665 - INFO - 📈 DOGE/USDT: Entry=0.17, SL=0.17, TP=0.17
2025-03-22 11:01:33,691 - INFO - 📈 DOGE/USDT: Entry=0.17, SL=0.17, TP=0.17
2025-03-22 11:01:33,722 - INFO - 📈 DOGE/USDT: Entry=0.17, SL=0.17, TP=0.17
2025-03-22 11:01:33,742 - INFO - 📈 DOGE/USDT: Entry=0.17, SL=0.17, TP=0.17
2025-03-22 11:01:33,768 - INFO - 📈 DOGE/USDT: Entry=0.17, SL=0.17, TP=0.17
2025-03-22 11:01:33,814 - INFO - 📈 DOGE/USDT: Entry=0.17, SL=0.17, TP=0.17
2025-03-22 11:01:33,839 - INFO - 📈 DOGE/USDT: Entry=0.17, SL=0.17, TP=0.17
2025-03-22 11:01:33,871 - INFO - 📈 DOGE/USDT: Entry=0.17, SL=0.17, TP=0.17
2025-03-22 11:01:33,906 - INFO - 📈 DOGE/USDT: Entry=0.17, SL=0.17, TP=0.16
2025-03-22 11:01:33,939 - INFO - 📈 DOGE/USDT: Entry=0.17, SL=0.17, TP=0.17
2025-03-22 11:01:33,973 - INFO - 📈 DOGE/USDT: Entry=0.17, SL=0.17, TP=0.17
2025-03-22 11:01:34,009 - INFO - 📈 DOGE/USDT: Entry=0.17, SL=0.17, TP=0.16
2025-03-22 11:01:34,046 - INFO - 📈 DOGE/USDT: Entry=0.17, SL=0.17, TP=0.17
2025-03-22 11:01:34,086 - INFO - 📈 DOGE/USDT: Entry=0.17, SL=0.17, TP=0.17
2025-03-22 11:01:34,125 - INFO - 📈 DOGE/USDT: Entry=0.17, SL=0.17, TP=0.17
2025-03-22 11:01:34,160 - INFO - 📈 DOGE/USDT: Entry=0.17, SL=0.17, TP=0.17
2025-03-22 11:01:34,195 - INFO - 📈 DOGE/USDT: Entry=0.17, SL=0.17, TP=0.17
2025-03-22 11:01:34,228 - INFO - 📈 DOGE/USDT: Entry=0.17, SL=0.17, TP=0.17
2025-03-22 11:01:34,262 - INFO - 📈 DOGE/USDT: Entry=0.17, SL=0.17, TP=0.17
2025-03-22 11:01:34,301 - INFO - 📈 DOGE/USDT: Entry=0.17, SL=0.17, TP=0.17
2025-03-22 11:01:34,327 - INFO - 📈 DOGE/USDT: Entry=0.17, SL=0.17, TP=0.17
2025-03-22 11:01:34,364 - INFO - 📈 DOGE/USDT: Entry=0.17, SL=0.17, TP=0.17
2025-03-22 11:01:34,403 - INFO - 📈 DOGE/USDT: Entry=0.17, SL=0.17, TP=0.17
2025-03-22 11:01:34,432 - INFO - 📈 DOGE/USDT: Entry=0.17, SL=0.17, TP=0.17
2025-03-22 11:01:34,469 - INFO - 📈 DOGE/USDT: Entry=0.17, SL=0.17, TP=0.17
2025-03-22 11:01:34,510 - INFO - 📈 DOGE/USDT: Entry=0.17, SL=0.17, TP=0.17
2025-03-22 11:01:34,541 - INFO - 📈 DOGE/USDT: Entry=0.17, SL=0.17, TP=0.17
2025-03-22 11:01:34,580 - INFO - 📈 DOGE/USDT: Entry=0.17, SL=0.17, TP=0.17
2025-03-22 11:01:34,618 - INFO - 📈 DOGE/USDT: Entry=0.17, SL=0.17, TP=0.17
2025-03-22 11:01:34,645 - INFO - 📈 DOGE/USDT: Entry=0.17, SL=0.17, TP=0.17
2025-03-22 11:01:34,704 - INFO - 📈 DOGE/USDT: Entry=0.17, SL=0.17, TP=0.17
2025-03-22 11:01:34,747 - INFO - 📈 DOGE/USDT: Entry=0.17, SL=0.17, TP=0.17
2025-03-22 11:01:34,791 - INFO - 📈 DOGE/USDT: Entry=0.17, SL=0.17, TP=0.17
2025-03-22 11:01:34,835 - INFO - 📈 DOGE/USDT: Entry=0.17, SL=0.17, TP=0.17
2025-03-22 11:01:34,883 - INFO - 📈 DOGE/USDT: Entry=0.17, SL=0.17, TP=0.17
2025-03-22 11:01:34,934 - INFO - 📈 DOGE/USDT: Entry=0.17, SL=0.17, TP=0.17
2025-03-22 11:01:34,970 - INFO - 📈 DOGE/USDT: Entry=0.17, SL=0.17, TP=0.17
2025-03-22 11:01:34,999 - INFO - 📈 DOGE/USDT: Entry=0.17, SL=0.17, TP=0.17
2025-03-22 11:01:35,030 - INFO - 📈 DOGE/USDT: Entry=0.17, SL=0.17, TP=0.17
2025-03-22 11:01:35,065 - INFO - 📈 DOGE/USDT: Entry=0.17, SL=0.17, TP=0.17
2025-03-22 11:01:35,110 - INFO - 📈 DOGE/USDT: Entry=0.17, SL=0.17, TP=0.17
2025-03-22 11:01:35,165 - INFO - 📈 DOGE/USDT: Entry=0.17, SL=0.17, TP=0.17
2025-03-22 11:01:35,208 - INFO - 📈 DOGE/USDT: Entry=0.17, SL=0.17, TP=0.17
2025-03-22 11:01:35,239 - INFO - 📈 DOGE/USDT: Entry=0.17, SL=0.17, TP=0.17
2025-03-22 11:01:35,270 - INFO - 📈 DOGE/USDT: Entry=0.17, SL=0.17, TP=0.17
2025-03-22 11:01:35,299 - INFO - 📈 DOGE/USDT: Entry=0.17, SL=0.17, TP=0.17
2025-03-22 11:01:35,300 - INFO - Running backtest for XRP/USDT with starting balance 125.59
2025-03-22 11:01:35,308 - INFO - 📈 XRP/USDT: Entry=2.53, SL=2.55, TP=2.48
2025-03-22 11:01:35,318 - INFO - 📈 XRP/USDT: Entry=2.53, SL=2.55, TP=2.49
2025-03-22 11:01:35,327 - INFO - 📈 XRP/USDT: Entry=2.49, SL=2.51, TP=2.45
2025-03-22 11:01:35,338 - INFO - 📈 XRP/USDT: Entry=2.50, SL=2.52, TP=2.45
2025-03-22 11:01:35,353 - INFO - 📈 XRP/USDT: Entry=2.52, SL=2.54, TP=2.48
2025-03-22 11:01:35,365 - INFO - 📈 XRP/USDT: Entry=2.51, SL=2.53, TP=2.48
2025-03-22 11:01:35,381 - INFO - 📈 XRP/USDT: Entry=2.51, SL=2.53, TP=2.49
2025-03-22 11:01:35,396 - INFO - 📈 XRP/USDT: Entry=2.52, SL=2.54, TP=2.50
2025-03-22 11:01:35,410 - INFO - 📈 XRP/USDT: Entry=2.52, SL=2.54, TP=2.50
2025-03-22 11:01:35,425 - INFO - 📈 XRP/USDT: Entry=2.55, SL=2.56, TP=2.53
2025-03-22 11:01:35,437 - INFO - 📈 XRP/USDT: Entry=2.53, SL=2.54, TP=2.51
2025-03-22 11:01:35,449 - INFO - 📈 XRP/USDT: Entry=2.51, SL=2.52, TP=2.49
2025-03-22 11:01:35,466 - INFO - 📈 XRP/USDT: Entry=2.49, SL=2.50, TP=2.47
2025-03-22 11:01:35,481 - INFO - 📈 XRP/USDT: Entry=2.47, SL=2.48, TP=2.46
2025-03-22 11:01:35,497 - INFO - 📈 XRP/USDT: Entry=2.46, SL=2.47, TP=2.45
2025-03-22 11:01:35,512 - INFO - 📈 XRP/USDT: Entry=2.46, SL=2.47, TP=2.45
2025-03-22 11:01:35,524 - INFO - 📈 XRP/USDT: Entry=2.46, SL=2.47, TP=2.45
2025-03-22 11:01:35,541 - INFO - 📈 XRP/USDT: Entry=2.46, SL=2.47, TP=2.45
2025-03-22 11:01:35,579 - INFO - 📈 XRP/USDT: Entry=2.51, SL=2.52, TP=2.49
2025-03-22 11:01:35,606 - INFO - 📈 XRP/USDT: Entry=2.48, SL=2.49, TP=2.46
2025-03-22 11:01:35,635 - INFO - 📈 XRP/USDT: Entry=2.47, SL=2.48, TP=2.46
2025-03-22 11:01:35,665 - INFO - 📈 XRP/USDT: Entry=2.49, SL=2.49, TP=2.47
2025-03-22 11:01:35,691 - INFO - 📈 XRP/USDT: Entry=2.49, SL=2.49, TP=2.47
2025-03-22 11:01:35,708 - INFO - 📈 XRP/USDT: Entry=2.51, SL=2.52, TP=2.49
2025-03-22 11:01:35,724 - INFO - 📈 XRP/USDT: Entry=2.49, SL=2.50, TP=2.47
2025-03-22 11:01:35,739 - INFO - 📈 XRP/USDT: Entry=2.49, SL=2.51, TP=2.47
2025-03-22 11:01:35,764 - INFO - 📈 XRP/USDT: Entry=2.45, SL=2.47, TP=2.43
2025-03-22 11:01:35,789 - INFO - 📈 XRP/USDT: Entry=2.45, SL=2.47, TP=2.43
2025-03-22 11:01:35,805 - INFO - 📈 XRP/USDT: Entry=2.45, SL=2.47, TP=2.43
2025-03-22 11:01:35,819 - INFO - 📈 XRP/USDT: Entry=2.45, SL=2.47, TP=2.43
2025-03-22 11:01:35,833 - INFO - 📈 XRP/USDT: Entry=2.45, SL=2.47, TP=2.43
2025-03-22 11:01:35,854 - INFO - 📈 XRP/USDT: Entry=2.45, SL=2.47, TP=2.43
2025-03-22 11:01:35,879 - INFO - 📈 XRP/USDT: Entry=2.45, SL=2.47, TP=2.43
2025-03-22 11:01:35,900 - INFO - 📈 XRP/USDT: Entry=2.43, SL=2.44, TP=2.41
2025-03-22 11:01:35,915 - INFO - 📈 XRP/USDT: Entry=2.44, SL=2.45, TP=2.41
2025-03-22 11:01:35,937 - INFO - 📈 XRP/USDT: Entry=2.45, SL=2.46, TP=2.44
2025-03-22 11:01:35,964 - INFO - 📈 XRP/USDT: Entry=2.45, SL=2.45, TP=2.43
2025-03-22 11:01:35,991 - INFO - 📈 XRP/USDT: Entry=2.44, SL=2.44, TP=2.42
2025-03-22 11:01:36,008 - INFO - 📈 XRP/USDT: Entry=2.43, SL=2.44, TP=2.42
2025-03-22 11:01:36,026 - INFO - 📈 XRP/USDT: Entry=2.43, SL=2.44, TP=2.42
2025-03-22 11:01:36,044 - INFO - 📈 XRP/USDT: Entry=2.42, SL=2.43, TP=2.41
2025-03-22 11:01:36,083 - INFO - 📈 XRP/USDT: Entry=2.44, SL=2.45, TP=2.43
2025-03-22 11:01:36,100 - INFO - 📈 XRP/USDT: Entry=2.44, SL=2.45, TP=2.43
2025-03-22 11:01:36,116 - INFO - 📈 XRP/USDT: Entry=2.44, SL=2.45, TP=2.43
2025-03-22 11:01:36,137 - INFO - 📈 XRP/USDT: Entry=2.44, SL=2.45, TP=2.43
2025-03-22 11:01:36,162 - INFO - 📈 XRP/USDT: Entry=2.46, SL=2.47, TP=2.45
2025-03-22 11:01:36,181 - INFO - 📈 XRP/USDT: Entry=2.46, SL=2.47, TP=2.45
2025-03-22 11:01:36,211 - INFO - 📈 XRP/USDT: Entry=2.44, SL=2.45, TP=2.43
2025-03-22 11:01:36,230 - INFO - 📈 XRP/USDT: Entry=2.43, SL=2.44, TP=2.42
2025-03-22 11:01:36,257 - INFO - 📈 XRP/USDT: Entry=2.42, SL=2.43, TP=2.41
2025-03-22 11:01:36,289 - INFO - 📈 XRP/USDT: Entry=2.41, SL=2.42, TP=2.40
2025-03-22 11:01:36,316 - INFO - 📈 XRP/USDT: Entry=2.40, SL=2.41, TP=2.39
2025-03-22 11:01:36,334 - INFO - 📈 XRP/USDT: Entry=2.40, SL=2.41, TP=2.39
2025-03-22 11:01:36,357 - INFO - 📈 XRP/USDT: Entry=2.40, SL=2.41, TP=2.39
2025-03-22 11:01:36,394 - INFO - 📈 XRP/USDT: Entry=2.40, SL=2.41, TP=2.39
2025-03-22 11:01:36,418 - INFO - 📈 XRP/USDT: Entry=2.40, SL=2.41, TP=2.39
2025-03-22 11:01:36,442 - INFO - 📈 XRP/USDT: Entry=2.39, SL=2.40, TP=2.38
2025-03-22 11:01:36,466 - INFO - 📈 XRP/USDT: Entry=2.39, SL=2.40, TP=2.38
2025-03-22 11:01:36,488 - INFO - 📈 XRP/USDT: Entry=2.38, SL=2.38, TP=2.36
2025-03-22 11:01:36,527 - INFO - 📈 XRP/USDT: Entry=2.39, SL=2.40, TP=2.38
2025-03-22 11:01:36,548 - INFO - 📈 XRP/USDT: Entry=2.39, SL=2.40, TP=2.38
2025-03-22 11:01:36,571 - INFO - 📈 XRP/USDT: Entry=2.39, SL=2.40, TP=2.38
2025-03-22 11:01:36,605 - INFO - 📈 XRP/USDT: Entry=2.39, SL=2.40, TP=2.38
2025-03-22 11:01:36,624 - INFO - 📈 XRP/USDT: Entry=2.37, SL=2.38, TP=2.35
2025-03-22 11:01:36,650 - INFO - 📈 XRP/USDT: Entry=2.38, SL=2.39, TP=2.37
2025-03-22 11:01:36,681 - INFO - 📈 XRP/USDT: Entry=2.38, SL=2.39, TP=2.37
2025-03-22 11:01:36,709 - INFO - 📈 XRP/USDT: Entry=2.38, SL=2.39, TP=2.37
2025-03-22 11:01:36,732 - INFO - 📈 XRP/USDT: Entry=2.39, SL=2.40, TP=2.38
2025-03-22 11:01:36,768 - INFO - 📈 XRP/USDT: Entry=2.41, SL=2.42, TP=2.40
2025-03-22 11:01:36,794 - INFO - 📈 XRP/USDT: Entry=2.40, SL=2.41, TP=2.39
2025-03-22 11:01:36,820 - INFO - 📈 XRP/USDT: Entry=2.41, SL=2.41, TP=2.40
2025-03-22 11:01:36,845 - INFO - 📈 XRP/USDT: Entry=2.41, SL=2.41, TP=2.39
2025-03-22 11:01:36,874 - INFO - 📈 XRP/USDT: Entry=2.41, SL=2.41, TP=2.39
2025-03-22 11:01:36,900 - INFO - 📈 XRP/USDT: Entry=2.41, SL=2.41, TP=2.39
2025-03-22 11:01:36,926 - INFO - 📈 XRP/USDT: Entry=2.41, SL=2.41, TP=2.39
2025-03-22 11:01:36,959 - INFO - 📈 XRP/USDT: Entry=2.41, SL=2.41, TP=2.39
2025-03-22 11:01:36,999 - INFO - 📈 XRP/USDT: Entry=2.41, SL=2.41, TP=2.39
2025-03-22 11:01:37,028 - INFO - 📈 XRP/USDT: Entry=2.41, SL=2.41, TP=2.39
2025-03-22 11:01:37,054 - INFO - 📈 XRP/USDT: Entry=2.41, SL=2.41, TP=2.40
2025-03-22 11:01:37,080 - INFO - 📈 XRP/USDT: Entry=2.38, SL=2.39, TP=2.37
2025-03-22 11:01:37,120 - INFO - 📈 XRP/USDT: Entry=2.40, SL=2.41, TP=2.39
2025-03-22 11:01:37,148 - INFO - 📈 XRP/USDT: Entry=2.40, SL=2.41, TP=2.39
2025-03-22 11:01:37,176 - INFO - 📈 XRP/USDT: Entry=2.40, SL=2.41, TP=2.39
2025-03-22 11:01:37,206 - INFO - 📈 XRP/USDT: Entry=2.39, SL=2.40, TP=2.38
2025-03-22 11:01:37,238 - INFO - 📈 XRP/USDT: Entry=2.39, SL=2.39, TP=2.38
2025-03-22 11:01:37,266 - INFO - 📈 XRP/USDT: Entry=2.40, SL=2.40, TP=2.39
2025-03-22 11:01:37,307 - INFO - 📈 XRP/USDT: Entry=2.40, SL=2.40, TP=2.39
2025-03-22 11:01:37,335 - INFO - 📈 XRP/USDT: Entry=2.40, SL=2.40, TP=2.39
2025-03-22 11:01:37,364 - INFO - 📈 XRP/USDT: Entry=2.41, SL=2.41, TP=2.40
2025-03-22 11:01:37,400 - INFO - 📈 XRP/USDT: Entry=2.41, SL=2.41, TP=2.40
2025-03-22 11:01:37,431 - INFO - 📈 XRP/USDT: Entry=2.41, SL=2.41, TP=2.40
2025-03-22 11:01:37,465 - INFO - 📈 XRP/USDT: Entry=2.41, SL=2.41, TP=2.40
2025-03-22 11:01:37,493 - INFO - 📈 XRP/USDT: Entry=2.40, SL=2.41, TP=2.40
2025-03-22 11:01:37,539 - INFO - 📈 XRP/USDT: Entry=2.41, SL=2.41, TP=2.40
2025-03-22 11:01:37,582 - INFO - 📈 XRP/USDT: Entry=2.41, SL=2.42, TP=2.41
2025-03-22 11:01:37,622 - INFO - 📈 XRP/USDT: Entry=2.41, SL=2.41, TP=2.40
2025-03-22 11:01:37,656 - INFO - 📈 XRP/USDT: Entry=2.41, SL=2.41, TP=2.40
2025-03-22 11:01:37,691 - INFO - 📈 XRP/USDT: Entry=2.41, SL=2.41, TP=2.40
2025-03-22 11:13:12,389 - INFO - Loaded data for BTC/USDT: 1000 rows
2025-03-22 11:13:12,390 - INFO - Loaded data for BTC/USDT: 1000 rows
2025-03-22 11:13:12,646 - INFO - Loaded data for ETH/USDT: 1000 rows
2025-03-22 11:13:12,646 - INFO - Loaded data for ETH/USDT: 1000 rows
2025-03-22 11:13:12,899 - INFO - Loaded data for DOGE/USDT: 1000 rows
2025-03-22 11:13:12,899 - INFO - Loaded data for DOGE/USDT: 1000 rows
2025-03-22 11:13:13,149 - INFO - Loaded data for XRP/USDT: 1000 rows
2025-03-22 11:13:13,149 - INFO - Loaded data for XRP/USDT: 1000 rows
2025-03-22 11:13:13,402 - INFO - Loaded data for SOL/USDT: 1000 rows
2025-03-22 11:13:13,402 - INFO - Loaded data for SOL/USDT: 1000 rows
2025-03-22 11:13:13,650 - INFO - Loaded data for BNB/USDT: 1000 rows
2025-03-22 11:13:13,651 - INFO - Loaded data for BNB/USDT: 1000 rows
2025-03-22 11:13:13,897 - INFO - Loaded data for ADA/USDT: 1000 rows
2025-03-22 11:13:13,898 - INFO - Loaded data for ADA/USDT: 1000 rows
2025-03-22 11:13:14,149 - INFO - Loaded data for UNI/USDT: 1000 rows
2025-03-22 11:13:14,149 - INFO - Loaded data for UNI/USDT: 1000 rows
2025-03-22 11:13:14,403 - INFO - Loaded data for LTC/USDT: 1000 rows
2025-03-22 11:13:14,403 - INFO - Loaded data for LTC/USDT: 1000 rows
2025-03-22 11:13:14,663 - INFO - Loaded data for TAO/USDT: 1000 rows
2025-03-22 11:13:14,663 - INFO - Loaded data for TAO/USDT: 1000 rows
2025-03-22 11:13:14,916 - INFO - Loaded data for FET/USDT: 1000 rows
2025-03-22 11:13:14,916 - INFO - Loaded data for FET/USDT: 1000 rows
2025-03-22 11:13:15,166 - INFO - Loaded data for MANA/USDT: 1000 rows
2025-03-22 11:13:15,167 - INFO - Loaded data for MANA/USDT: 1000 rows
2025-03-22 11:13:15,758 - INFO - Starting backtest from 2025-03-08 to 2025-03-22...
2025-03-22 11:13:16,018 - INFO - Loaded data for BTC/USDT: 1000 rows
2025-03-22 11:13:16,376 - INFO - Loaded data for ETH/USDT: 1000 rows
2025-03-22 11:13:16,630 - INFO - Loaded data for DOGE/USDT: 1000 rows
2025-03-22 11:13:16,883 - INFO - Loaded data for XRP/USDT: 1000 rows
2025-03-22 11:13:17,139 - INFO - Loaded data for SOL/USDT: 1000 rows
2025-03-22 11:13:17,398 - INFO - Loaded data for BNB/USDT: 1000 rows
2025-03-22 11:13:17,655 - INFO - Loaded data for ADA/USDT: 1000 rows
2025-03-22 11:13:17,914 - INFO - Loaded data for UNI/USDT: 1000 rows
2025-03-22 11:13:18,173 - INFO - Loaded data for LTC/USDT: 1000 rows
2025-03-22 11:13:18,429 - INFO - Loaded data for TAO/USDT: 1000 rows
2025-03-22 11:13:18,682 - INFO - Loaded data for FET/USDT: 1000 rows
2025-03-22 11:13:18,940 - INFO - Loaded data for MANA/USDT: 1000 rows
2025-03-22 11:13:18,940 - INFO - Trading BTC/USDT with balance 28.00
2025-03-22 11:13:21,201 - INFO - Trading ETH/USDT with balance 32.45
2025-03-22 11:13:22,898 - INFO - Trading DOGE/USDT with balance 80.37
2025-03-22 11:13:24,895 - INFO - Trading XRP/USDT with balance 123.86
2025-03-22 11:19:55,144 - INFO - Loaded data for BTC/USDT: 1000 rows
2025-03-22 11:19:55,145 - INFO - Loaded data for BTC/USDT: 1000 rows
2025-03-22 11:19:55,398 - INFO - Loaded data for ETH/USDT: 1000 rows
2025-03-22 11:19:55,398 - INFO - Loaded data for ETH/USDT: 1000 rows
2025-03-22 11:19:55,646 - INFO - Loaded data for DOGE/USDT: 1000 rows
2025-03-22 11:19:55,646 - INFO - Loaded data for DOGE/USDT: 1000 rows
2025-03-22 11:19:55,898 - INFO - Loaded data for XRP/USDT: 1000 rows
2025-03-22 11:19:55,898 - INFO - Loaded data for XRP/USDT: 1000 rows
2025-03-22 11:19:56,151 - INFO - Loaded data for SOL/USDT: 1000 rows
2025-03-22 11:19:56,151 - INFO - Loaded data for SOL/USDT: 1000 rows
2025-03-22 11:19:56,407 - INFO - Loaded data for BNB/USDT: 1000 rows
2025-03-22 11:19:56,407 - INFO - Loaded data for BNB/USDT: 1000 rows
2025-03-22 11:19:56,662 - INFO - Loaded data for ADA/USDT: 1000 rows
2025-03-22 11:19:56,662 - INFO - Loaded data for ADA/USDT: 1000 rows
2025-03-22 11:19:56,914 - INFO - Loaded data for UNI/USDT: 1000 rows
2025-03-22 11:19:56,915 - INFO - Loaded data for UNI/USDT: 1000 rows
2025-03-22 11:19:57,165 - INFO - Loaded data for LTC/USDT: 1000 rows
2025-03-22 11:19:57,166 - INFO - Loaded data for LTC/USDT: 1000 rows
2025-03-22 11:19:57,418 - INFO - Loaded data for TAO/USDT: 1000 rows
2025-03-22 11:19:57,418 - INFO - Loaded data for TAO/USDT: 1000 rows
2025-03-22 11:19:57,674 - INFO - Loaded data for FET/USDT: 1000 rows
2025-03-22 11:19:57,675 - INFO - Loaded data for FET/USDT: 1000 rows
2025-03-22 11:19:57,929 - INFO - Loaded data for MANA/USDT: 1000 rows
2025-03-22 11:19:57,930 - INFO - Loaded data for MANA/USDT: 1000 rows
2025-03-22 11:19:58,551 - INFO - Starting backtest from 2025-03-08 to 2025-03-22...
2025-03-22 11:19:58,810 - INFO - Loaded data for BTC/USDT: 1000 rows
2025-03-22 11:19:59,172 - INFO - Loaded data for ETH/USDT: 1000 rows
2025-03-22 11:19:59,433 - INFO - Loaded data for DOGE/USDT: 1000 rows
2025-03-22 11:19:59,683 - INFO - Loaded data for XRP/USDT: 1000 rows
2025-03-22 11:19:59,939 - INFO - Loaded data for SOL/USDT: 1000 rows
2025-03-22 11:20:00,202 - INFO - Loaded data for BNB/USDT: 1000 rows
2025-03-22 11:20:00,461 - INFO - Loaded data for ADA/USDT: 1000 rows
2025-03-22 11:20:00,744 - INFO - Loaded data for UNI/USDT: 1000 rows
2025-03-22 11:20:01,182 - INFO - Loaded data for LTC/USDT: 1000 rows
2025-03-22 11:20:01,442 - INFO - Loaded data for TAO/USDT: 1000 rows
2025-03-22 11:20:01,699 - INFO - Loaded data for FET/USDT: 1000 rows
2025-03-22 11:20:01,953 - INFO - Loaded data for MANA/USDT: 1000 rows
2025-03-22 11:20:01,954 - INFO - Top 4 coins (24h): ['SOL/USDT', 'TAO/USDT', 'FET/USDT', 'MANA/USDT']
2025-03-22 11:20:01,954 - INFO - Trading SOL/USDT with balance 28.00
2025-03-22 11:20:04,315 - INFO - Trading TAO/USDT with balance 107.45
2025-03-22 11:20:06,307 - INFO - Trading FET/USDT with balance 176.74
2025-03-22 11:20:08,709 - INFO - Trading MANA/USDT with balance 231.99
2025-03-22 11:25:10,544 - INFO - Loaded data for BTC/USDT: 1000 rows
2025-03-22 11:25:10,544 - INFO - Loaded data for BTC/USDT: 1000 rows
2025-03-22 11:25:10,795 - INFO - Loaded data for ETH/USDT: 1000 rows
2025-03-22 11:25:10,795 - INFO - Loaded data for ETH/USDT: 1000 rows
2025-03-22 11:25:11,054 - INFO - Loaded data for DOGE/USDT: 1000 rows
2025-03-22 11:25:11,054 - INFO - Loaded data for DOGE/USDT: 1000 rows
2025-03-22 11:25:11,303 - INFO - Loaded data for XRP/USDT: 1000 rows
2025-03-22 11:25:11,304 - INFO - Loaded data for XRP/USDT: 1000 rows
2025-03-22 11:25:11,555 - INFO - Loaded data for SOL/USDT: 1000 rows
2025-03-22 11:25:11,556 - INFO - Loaded data for SOL/USDT: 1000 rows
2025-03-22 11:25:11,814 - INFO - Loaded data for BNB/USDT: 1000 rows
2025-03-22 11:25:11,814 - INFO - Loaded data for BNB/USDT: 1000 rows
2025-03-22 11:25:12,069 - INFO - Loaded data for ADA/USDT: 1000 rows
2025-03-22 11:25:12,069 - INFO - Loaded data for ADA/USDT: 1000 rows
2025-03-22 11:25:12,326 - INFO - Loaded data for UNI/USDT: 1000 rows
2025-03-22 11:25:12,326 - INFO - Loaded data for UNI/USDT: 1000 rows
2025-03-22 11:25:12,579 - INFO - Loaded data for LTC/USDT: 1000 rows
2025-03-22 11:25:12,579 - INFO - Loaded data for LTC/USDT: 1000 rows
2025-03-22 11:25:12,832 - INFO - Loaded data for TAO/USDT: 1000 rows
2025-03-22 11:25:12,832 - INFO - Loaded data for TAO/USDT: 1000 rows
2025-03-22 11:25:13,084 - INFO - Loaded data for FET/USDT: 1000 rows
2025-03-22 11:25:13,084 - INFO - Loaded data for FET/USDT: 1000 rows
2025-03-22 11:25:13,341 - INFO - Loaded data for MANA/USDT: 1000 rows
2025-03-22 11:25:13,342 - INFO - Loaded data for MANA/USDT: 1000 rows
